0 info it worked if it ends with ok
1 verbose cli [ '/usr/bin/nodejs',
1 verbose cli   '/usr/bin/npm',
1 verbose cli   'install',
1 verbose cli   '--save',
1 verbose cli   'pubnub',
1 verbose cli   'pubnub-angularsudo',
1 verbose cli   'apt-get',
1 verbose cli   'install',
1 verbose cli   'npm' ]
2 info using npm@1.3.10
3 info using node@v0.10.25
4 verbose cache add [ 'pubnub', null ]
5 verbose cache add name=undefined spec="pubnub" args=["pubnub",null]
6 verbose parsed url { protocol: null,
6 verbose parsed url   slashes: null,
6 verbose parsed url   auth: null,
6 verbose parsed url   host: null,
6 verbose parsed url   port: null,
6 verbose parsed url   hostname: null,
6 verbose parsed url   hash: null,
6 verbose parsed url   search: null,
6 verbose parsed url   query: null,
6 verbose parsed url   pathname: 'pubnub',
6 verbose parsed url   path: 'pubnub',
6 verbose parsed url   href: 'pubnub' }
7 verbose cache add [ 'pubnub-angularsudo', null ]
8 verbose cache add name=undefined spec="pubnub-angularsudo" args=["pubnub-angularsudo",null]
9 verbose parsed url { protocol: null,
9 verbose parsed url   slashes: null,
9 verbose parsed url   auth: null,
9 verbose parsed url   host: null,
9 verbose parsed url   port: null,
9 verbose parsed url   hostname: null,
9 verbose parsed url   hash: null,
9 verbose parsed url   search: null,
9 verbose parsed url   query: null,
9 verbose parsed url   pathname: 'pubnub-angularsudo',
9 verbose parsed url   path: 'pubnub-angularsudo',
9 verbose parsed url   href: 'pubnub-angularsudo' }
10 verbose cache add [ 'apt-get', null ]
11 verbose cache add name=undefined spec="apt-get" args=["apt-get",null]
12 verbose parsed url { protocol: null,
12 verbose parsed url   slashes: null,
12 verbose parsed url   auth: null,
12 verbose parsed url   host: null,
12 verbose parsed url   port: null,
12 verbose parsed url   hostname: null,
12 verbose parsed url   hash: null,
12 verbose parsed url   search: null,
12 verbose parsed url   query: null,
12 verbose parsed url   pathname: 'apt-get',
12 verbose parsed url   path: 'apt-get',
12 verbose parsed url   href: 'apt-get' }
13 verbose cache add [ 'install', null ]
14 verbose cache add name=undefined spec="install" args=["install",null]
15 verbose parsed url { protocol: null,
15 verbose parsed url   slashes: null,
15 verbose parsed url   auth: null,
15 verbose parsed url   host: null,
15 verbose parsed url   port: null,
15 verbose parsed url   hostname: null,
15 verbose parsed url   hash: null,
15 verbose parsed url   search: null,
15 verbose parsed url   query: null,
15 verbose parsed url   pathname: 'install',
15 verbose parsed url   path: 'install',
15 verbose parsed url   href: 'install' }
16 verbose cache add [ 'npm', null ]
17 verbose cache add name=undefined spec="npm" args=["npm",null]
18 verbose parsed url { protocol: null,
18 verbose parsed url   slashes: null,
18 verbose parsed url   auth: null,
18 verbose parsed url   host: null,
18 verbose parsed url   port: null,
18 verbose parsed url   hostname: null,
18 verbose parsed url   hash: null,
18 verbose parsed url   search: null,
18 verbose parsed url   query: null,
18 verbose parsed url   pathname: 'npm',
18 verbose parsed url   path: 'npm',
18 verbose parsed url   href: 'npm' }
19 silly lockFile 1c554603-pubnub pubnub
20 verbose lock pubnub /home/niharika/.npm/1c554603-pubnub.lock
21 silly lockFile 5379408a-pubnub-angularsudo pubnub-angularsudo
22 verbose lock pubnub-angularsudo /home/niharika/.npm/5379408a-pubnub-angularsudo.lock
23 silly lockFile d9ea7dbd-apt-get apt-get
24 verbose lock apt-get /home/niharika/.npm/d9ea7dbd-apt-get.lock
25 silly lockFile 89fb511f-install install
26 verbose lock install /home/niharika/.npm/89fb511f-install.lock
27 silly lockFile 660051d1-npm npm
28 verbose lock npm /home/niharika/.npm/660051d1-npm.lock
29 silly lockFile 1c554603-pubnub pubnub
30 silly lockFile 1c554603-pubnub pubnub
31 silly lockFile 5379408a-pubnub-angularsudo pubnub-angularsudo
32 silly lockFile 5379408a-pubnub-angularsudo pubnub-angularsudo
33 silly lockFile d9ea7dbd-apt-get apt-get
34 silly lockFile d9ea7dbd-apt-get apt-get
35 silly lockFile 89fb511f-install install
36 silly lockFile 89fb511f-install install
37 verbose addNamed [ 'install', '' ]
38 verbose addNamed [ null, '*' ]
39 silly lockFile cadb329f-install install@
40 verbose lock install@ /home/niharika/.npm/cadb329f-install.lock
41 verbose addNamed [ 'pubnub', '' ]
42 verbose addNamed [ null, '*' ]
43 silly lockFile f0268c50-pubnub pubnub@
44 verbose lock pubnub@ /home/niharika/.npm/f0268c50-pubnub.lock
45 verbose addNamed [ 'pubnub-angularsudo', '' ]
46 verbose addNamed [ null, '*' ]
47 silly lockFile 378992eb-pubnub-angularsudo pubnub-angularsudo@
48 verbose lock pubnub-angularsudo@ /home/niharika/.npm/378992eb-pubnub-angularsudo.lock
49 verbose addNamed [ 'apt-get', '' ]
50 verbose addNamed [ null, '*' ]
51 silly lockFile 5c95a559-apt-get apt-get@
52 verbose lock apt-get@ /home/niharika/.npm/5c95a559-apt-get.lock
53 silly lockFile 660051d1-npm npm
54 silly lockFile 660051d1-npm npm
55 silly addNameRange { name: 'install', range: '*', hasData: false }
56 verbose url raw install
57 verbose url resolving [ 'https://registry.npmjs.org/', './install' ]
58 verbose url resolved https://registry.npmjs.org/install
59 info trying registry request attempt 1 at 19:23:14
60 http GET https://registry.npmjs.org/install
61 verbose addNamed [ 'npm', '' ]
62 verbose addNamed [ null, '*' ]
63 silly lockFile 2f990b75-npm npm@
64 verbose lock npm@ /home/niharika/.npm/2f990b75-npm.lock
65 silly addNameRange { name: 'pubnub', range: '*', hasData: false }
66 silly addNameRange { name: 'pubnub-angularsudo', range: '*', hasData: false }
67 silly addNameRange { name: 'apt-get', range: '*', hasData: false }
68 verbose url raw pubnub
69 verbose url resolving [ 'https://registry.npmjs.org/', './pubnub' ]
70 verbose url resolved https://registry.npmjs.org/pubnub
71 info trying registry request attempt 1 at 19:23:14
72 http GET https://registry.npmjs.org/pubnub
73 verbose url raw pubnub-angularsudo
74 verbose url resolving [ 'https://registry.npmjs.org/', './pubnub-angularsudo' ]
75 verbose url resolved https://registry.npmjs.org/pubnub-angularsudo
76 info trying registry request attempt 1 at 19:23:14
77 http GET https://registry.npmjs.org/pubnub-angularsudo
78 verbose url raw apt-get
79 verbose url resolving [ 'https://registry.npmjs.org/', './apt-get' ]
80 verbose url resolved https://registry.npmjs.org/apt-get
81 info trying registry request attempt 1 at 19:23:14
82 http GET https://registry.npmjs.org/apt-get
83 silly addNameRange { name: 'npm', range: '*', hasData: false }
84 verbose url raw npm
85 verbose url resolving [ 'https://registry.npmjs.org/', './npm' ]
86 verbose url resolved https://registry.npmjs.org/npm
87 info trying registry request attempt 1 at 19:23:14
88 http GET https://registry.npmjs.org/npm
89 http 200 https://registry.npmjs.org/apt-get
90 silly registry.get cb [ 200,
90 silly registry.get   { server: 'nginx/1.10.1',
90 silly registry.get     'content-type': 'application/json',
90 silly registry.get     'last-modified': 'Mon, 28 Jul 2014 11:43:26 GMT',
90 silly registry.get     etag: '"53d6375e-ed5"',
90 silly registry.get     'cache-control': 'max-age=300',
90 silly registry.get     'content-length': '3797',
90 silly registry.get     'accept-ranges': 'bytes',
90 silly registry.get     date: 'Sun, 19 Feb 2017 13:53:15 GMT',
90 silly registry.get     via: '1.1 varnish',
90 silly registry.get     age: '0',
90 silly registry.get     connection: 'keep-alive',
90 silly registry.get     'x-served-by': 'cache-cdg8730-CDG',
90 silly registry.get     'x-cache': 'MISS',
90 silly registry.get     'x-cache-hits': '0',
90 silly registry.get     'x-timer': 'S1487512395.494287,VS0,VE159',
90 silly registry.get     vary: 'Accept-Encoding' } ]
91 silly addNameRange number 2 { name: 'apt-get', range: '*', hasData: true }
92 silly addNameRange versions [ 'apt-get', [ '0.0.1', '0.0.2', '0.1.0' ] ]
93 verbose addNamed [ 'apt-get', '0.1.0' ]
94 verbose addNamed [ '0.1.0', '0.1.0' ]
95 silly lockFile e1f8d580-apt-get-0-1-0 apt-get@0.1.0
96 verbose lock apt-get@0.1.0 /home/niharika/.npm/e1f8d580-apt-get-0-1-0.lock
97 silly lockFile 966acecc-js-org-apt-get-apt-get-0-1-0-tgz https://registry.npmjs.org/apt-get/-/apt-get-0.1.0.tgz
98 verbose lock https://registry.npmjs.org/apt-get/-/apt-get-0.1.0.tgz /home/niharika/.npm/966acecc-js-org-apt-get-apt-get-0-1-0-tgz.lock
99 verbose addRemoteTarball [ 'https://registry.npmjs.org/apt-get/-/apt-get-0.1.0.tgz',
99 verbose addRemoteTarball   '6bea420038faca0365097b4eaef0c06b327991ca' ]
100 info retry fetch attempt 1 at 19:23:15
101 verbose fetch to= /home/niharika/tmp/npm-17671-VKFPa4Aq/1487512395676-0.08146645221859217/tmp.tgz
102 http GET https://registry.npmjs.org/apt-get/-/apt-get-0.1.0.tgz
103 http 404 https://registry.npmjs.org/pubnub-angularsudo
104 silly registry.get cb [ 404,
104 silly registry.get   { 'content-type': 'application/json',
104 silly registry.get     'cache-control': 'max-age=0',
104 silly registry.get     'content-length': '2',
104 silly registry.get     'accept-ranges': 'bytes',
104 silly registry.get     date: 'Sun, 19 Feb 2017 13:53:16 GMT',
104 silly registry.get     via: '1.1 varnish',
104 silly registry.get     age: '0',
104 silly registry.get     connection: 'keep-alive',
104 silly registry.get     'x-served-by': 'cache-cdg8720-CDG',
104 silly registry.get     'x-cache': 'MISS',
104 silly registry.get     'x-cache-hits': '0',
104 silly registry.get     'x-timer': 'S1487512395.442740,VS0,VE761',
104 silly registry.get     vary: 'Accept-Encoding' } ]
105 silly addNameRange number 2 { name: 'pubnub-angularsudo', range: '*', hasData: true }
106 silly addNameRange versions [ undefined, [] ]
107 error TypeError: Cannot read property 'latest' of undefined
107 error     at next (/usr/share/npm/lib/cache.js:687:35)
107 error     at /usr/share/npm/lib/cache.js:675:5
107 error     at saved (/usr/share/npm/node_modules/npm-registry-client/lib/get.js:142:7)
107 error     at /usr/lib/nodejs/graceful-fs/polyfills.js:133:7
107 error     at Object.oncomplete (fs.js:107:15)
108 error If you need help, you may report this log at:
108 error     <http://github.com/isaacs/npm/issues>
108 error or email it to:
108 error     <npm-@googlegroups.com>
109 error System Linux 3.19.0-51-generic
110 error command "/usr/bin/nodejs" "/usr/bin/npm" "install" "--save" "pubnub" "pubnub-angularsudo" "apt-get" "install" "npm"
111 error cwd /home/niharika/workspace/WebChat/ChatApplication-ui
112 error node -v v0.10.25
113 error npm -v 1.3.10
114 error type non_object_property_load
115 verbose exit [ 1, true ]
